<?xml version="1.0" encoding="utf-8"?><testsuites><testsuite name="pytest" errors="0" failures="0" skipped="0" tests="15" time="0.128" timestamp="2022-02-01T14:14:38.230089" hostname="W416DCZC80875VY"><testcase classname="tests.test_accum" name="test_accumulator_init" time="0.002" /><testcase classname="tests.test_accum" name="test_accumulator_add_one" time="0.002" /><testcase classname="tests.test_accum" name="test_accumulator_add_three" time="0.002" /><testcase classname="tests.test_accum" name="test_accumulator_add_twice" time="0.001" /><testcase classname="tests.test_accum" name="test_accumulator_add_in_loop" time="0.001" /><testcase classname="tests.test_accum" name="test_accumulator_cannot_set_count_directly" time="0.002" /><testcase classname="tests.test_math" name="test_one_plus_one" time="0.002" /><testcase classname="tests.test_math" name="test_one_plus_two" time="0.001" /><testcase classname="tests.test_math" name="test_divide_by_zero" time="0.001" /><testcase classname="tests.test_math" name="test_multiplication[2-3-6]" time="0.002" /><testcase classname="tests.test_math" name="test_multiplication[1-99-99]" time="0.002" /><testcase classname="tests.test_math" name="test_multiplication[0-99-0]" time="0.002" /><testcase classname="tests.test_math" name="test_multiplication[3--4--12]" time="0.002" /><testcase classname="tests.test_math" name="test_multiplication[-5--4-20]" time="0.002" /><testcase classname="tests.test_math" name="test_multiplication[2.5-6.7-16.75]" time="0.002" /></testsuite></testsuites>